<?xml version="1.0" encoding="UTF-8"?>
<!-- Generated by org.testng.reporters.JUnitXMLReporter -->
<testsuite hostname="WIN-81NG0PGA72A" ignored="0" name="Default test" tests="70" failures="0" timestamp="14 Nov 2018 13:52:35 GMT" time="1.108" errors="0">
  <testcase name="@BeforeMethod beforeMethod" time="0.0" classname="utilities.BaseTest">
    <failure type="org.testng.TestNGException" message="
Parameter &amp;apos;browser&amp;apos; is required by BeforeMethod on method beforeMethod but has not been marked @Optional or defined
in C:\Users\P01242\AppData\Local\Temp\testng-eclipse-1681783172\testng-customsuite.xml">
      <![CDATA[org.testng.TestNGException: 
Parameter 'browser' is required by BeforeMethod on method beforeMethod but has not been marked @Optional or defined
in C:\Users\P01242\AppData\Local\Temp\testng-eclipse-1681783172\testng-customsuite.xml
at org.testng.internal.Parameters.createParams(Parameters.java:290)
at org.testng.internal.Parameters.createParametersForMethod(Parameters.java:359)
at org.testng.internal.Parameters.createParameters(Parameters.java:620)
at org.testng.internal.Parameters.createConfigurationParameters(Parameters.java:190)
at org.testng.internal.Invoker.invokeConfigurations(Invoker.java:209)
at org.testng.internal.Invoker.invokeMethod(Invoker.java:520)
at org.testng.internal.Invoker.invokeTestMethod(Invoker.java:716)
at org.testng.internal.Invoker.invokeTestMethods(Invoker.java:988)
at org.testng.internal.TestMethodWorker.invokeTestMethods(TestMethodWorker.java:125)
at org.testng.internal.TestMethodWorker.run(TestMethodWorker.java:109)
at org.testng.TestRunner.privateRun(TestRunner.java:648)
at org.testng.TestRunner.run(TestRunner.java:505)
at org.testng.SuiteRunner.runTest(SuiteRunner.java:455)
at org.testng.SuiteRunner.runSequentially(SuiteRunner.java:450)
at org.testng.SuiteRunner.privateRun(SuiteRunner.java:415)
at org.testng.SuiteRunner.run(SuiteRunner.java:364)
at org.testng.SuiteRunnerWorker.runSuite(SuiteRunnerWorker.java:52)
at org.testng.SuiteRunnerWorker.run(SuiteRunnerWorker.java:84)
at org.testng.TestNG.runSuitesSequentially(TestNG.java:1208)
at org.testng.TestNG.runSuitesLocally(TestNG.java:1137)
at org.testng.TestNG.runSuites(TestNG.java:1049)
at org.testng.TestNG.run(TestNG.java:1017)
at org.testng.remote.AbstractRemoteTestNG.run(AbstractRemoteTestNG.java:114)
at org.testng.remote.RemoteTestNG.initAndRun(RemoteTestNG.java:251)
at org.testng.remote.RemoteTestNG.main(RemoteTestNG.java:77)
]]>
    </failure>
  </testcase> <!-- @BeforeMethod beforeMethod -->
  <testcase name="@AfterMethod afterMethod" time="0.0" classname="utilities.BaseTest">
    <skipped/>
  </testcase> <!-- @AfterMethod afterMethod -->
  <testcase name="@BeforeMethod beforeMethod" time="0.0" classname="utilities.BaseTest">
    <skipped/>
  </testcase> <!-- @BeforeMethod beforeMethod -->
  <testcase name="@AfterMethod afterMethod" time="0.0" classname="utilities.BaseTest">
    <skipped/>
  </testcase> <!-- @AfterMethod afterMethod -->
  <testcase name="@BeforeMethod beforeMethod" time="0.0" classname="utilities.BaseTest">
    <skipped/>
  </testcase> <!-- @BeforeMethod beforeMethod -->
  <testcase name="@AfterMethod afterMethod" time="0.0" classname="utilities.BaseTest">
    <skipped/>
  </testcase> <!-- @AfterMethod afterMethod -->
  <testcase name="@BeforeMethod beforeMethod" time="0.0" classname="utilities.BaseTest">
    <skipped/>
  </testcase> <!-- @BeforeMethod beforeMethod -->
  <testcase name="@AfterMethod afterMethod" time="0.0" classname="utilities.BaseTest">
    <skipped/>
  </testcase> <!-- @AfterMethod afterMethod -->
  <testcase name="@BeforeMethod beforeMethod" time="0.0" classname="utilities.BaseTest">
    <skipped/>
  </testcase> <!-- @BeforeMethod beforeMethod -->
  <testcase name="@AfterMethod afterMethod" time="0.0" classname="utilities.BaseTest">
    <skipped/>
  </testcase> <!-- @AfterMethod afterMethod -->
  <testcase name="@BeforeMethod beforeMethod" time="0.0" classname="utilities.BaseTest">
    <skipped/>
  </testcase> <!-- @BeforeMethod beforeMethod -->
  <testcase name="@AfterMethod afterMethod" time="0.0" classname="utilities.BaseTest">
    <skipped/>
  </testcase> <!-- @AfterMethod afterMethod -->
  <testcase name="@BeforeMethod beforeMethod" time="0.0" classname="utilities.BaseTest">
    <skipped/>
  </testcase> <!-- @BeforeMethod beforeMethod -->
  <testcase name="@AfterMethod afterMethod" time="0.0" classname="utilities.BaseTest">
    <skipped/>
  </testcase> <!-- @AfterMethod afterMethod -->
  <testcase name="@BeforeMethod beforeMethod" time="0.0" classname="utilities.BaseTest">
    <skipped/>
  </testcase> <!-- @BeforeMethod beforeMethod -->
  <testcase name="@AfterMethod afterMethod" time="0.0" classname="utilities.BaseTest">
    <skipped/>
  </testcase> <!-- @AfterMethod afterMethod -->
  <testcase name="@BeforeMethod beforeMethod" time="0.0" classname="utilities.BaseTest">
    <skipped/>
  </testcase> <!-- @BeforeMethod beforeMethod -->
  <testcase name="@AfterMethod afterMethod" time="0.0" classname="utilities.BaseTest">
    <skipped/>
  </testcase> <!-- @AfterMethod afterMethod -->
  <testcase name="@BeforeMethod beforeMethod" time="0.0" classname="utilities.BaseTest">
    <skipped/>
  </testcase> <!-- @BeforeMethod beforeMethod -->
  <testcase name="@AfterMethod afterMethod" time="0.0" classname="utilities.BaseTest">
    <skipped/>
  </testcase> <!-- @AfterMethod afterMethod -->
  <testcase name="@BeforeMethod beforeMethod" time="0.0" classname="utilities.BaseTest">
    <skipped/>
  </testcase> <!-- @BeforeMethod beforeMethod -->
  <testcase name="@AfterMethod afterMethod" time="0.0" classname="utilities.BaseTest">
    <skipped/>
  </testcase> <!-- @AfterMethod afterMethod -->
  <testcase name="@BeforeMethod beforeMethod" time="0.0" classname="utilities.BaseTest">
    <skipped/>
  </testcase> <!-- @BeforeMethod beforeMethod -->
  <testcase name="@AfterMethod afterMethod" time="0.0" classname="utilities.BaseTest">
    <skipped/>
  </testcase> <!-- @AfterMethod afterMethod -->
  <testcase name="@BeforeMethod beforeMethod" time="0.0" classname="utilities.BaseTest">
    <skipped/>
  </testcase> <!-- @BeforeMethod beforeMethod -->
  <testcase name="@AfterMethod afterMethod" time="0.0" classname="utilities.BaseTest">
    <skipped/>
  </testcase> <!-- @AfterMethod afterMethod -->
  <testcase name="@BeforeMethod beforeMethod" time="0.0" classname="utilities.BaseTest">
    <skipped/>
  </testcase> <!-- @BeforeMethod beforeMethod -->
  <testcase name="@AfterMethod afterMethod" time="0.0" classname="utilities.BaseTest">
    <skipped/>
  </testcase> <!-- @AfterMethod afterMethod -->
  <testcase name="@BeforeMethod beforeMethod" time="0.0" classname="utilities.BaseTest">
    <skipped/>
  </testcase> <!-- @BeforeMethod beforeMethod -->
  <testcase name="@AfterMethod afterMethod" time="0.0" classname="utilities.BaseTest">
    <skipped/>
  </testcase> <!-- @AfterMethod afterMethod -->
  <testcase name="@BeforeMethod beforeMethod" time="0.0" classname="utilities.BaseTest">
    <skipped/>
  </testcase> <!-- @BeforeMethod beforeMethod -->
  <testcase name="@AfterMethod afterMethod" time="0.0" classname="utilities.BaseTest">
    <skipped/>
  </testcase> <!-- @AfterMethod afterMethod -->
  <testcase name="@BeforeMethod beforeMethod" time="0.0" classname="utilities.BaseTest">
    <skipped/>
  </testcase> <!-- @BeforeMethod beforeMethod -->
  <testcase name="@AfterMethod afterMethod" time="0.0" classname="utilities.BaseTest">
    <skipped/>
  </testcase> <!-- @AfterMethod afterMethod -->
  <testcase name="@BeforeMethod beforeMethod" time="0.0" classname="utilities.BaseTest">
    <skipped/>
  </testcase> <!-- @BeforeMethod beforeMethod -->
  <testcase name="@AfterMethod afterMethod" time="0.0" classname="utilities.BaseTest">
    <skipped/>
  </testcase> <!-- @AfterMethod afterMethod -->
  <testcase name="@BeforeMethod beforeMethod" time="0.0" classname="utilities.BaseTest">
    <skipped/>
  </testcase> <!-- @BeforeMethod beforeMethod -->
  <testcase name="@AfterMethod afterMethod" time="0.0" classname="utilities.BaseTest">
    <skipped/>
  </testcase> <!-- @AfterMethod afterMethod -->
  <testcase name="@BeforeMethod beforeMethod" time="0.0" classname="utilities.BaseTest">
    <skipped/>
  </testcase> <!-- @BeforeMethod beforeMethod -->
  <testcase name="@AfterMethod afterMethod" time="0.0" classname="utilities.BaseTest">
    <skipped/>
  </testcase> <!-- @AfterMethod afterMethod -->
  <testcase name="@BeforeMethod beforeMethod" time="0.0" classname="utilities.BaseTest">
    <skipped/>
  </testcase> <!-- @BeforeMethod beforeMethod -->
  <testcase name="@AfterMethod afterMethod" time="0.0" classname="utilities.BaseTest">
    <skipped/>
  </testcase> <!-- @AfterMethod afterMethod -->
  <testcase name="@BeforeMethod beforeMethod" time="0.0" classname="utilities.BaseTest">
    <skipped/>
  </testcase> <!-- @BeforeMethod beforeMethod -->
  <testcase name="@AfterMethod afterMethod" time="0.0" classname="utilities.BaseTest">
    <skipped/>
  </testcase> <!-- @AfterMethod afterMethod -->
  <testcase name="@BeforeMethod beforeMethod" time="0.0" classname="utilities.BaseTest">
    <skipped/>
  </testcase> <!-- @BeforeMethod beforeMethod -->
  <testcase name="@AfterMethod afterMethod" time="0.0" classname="utilities.BaseTest">
    <skipped/>
  </testcase> <!-- @AfterMethod afterMethod -->
  <testcase name="@BeforeMethod beforeMethod" time="0.0" classname="utilities.BaseTest">
    <skipped/>
  </testcase> <!-- @BeforeMethod beforeMethod -->
  <testcase name="@AfterMethod afterMethod" time="0.0" classname="utilities.BaseTest">
    <skipped/>
  </testcase> <!-- @AfterMethod afterMethod -->
  <testcase name="@BeforeMethod beforeMethod" time="0.0" classname="utilities.BaseTest">
    <skipped/>
  </testcase> <!-- @BeforeMethod beforeMethod -->
  <testcase name="@AfterMethod afterMethod" time="0.0" classname="utilities.BaseTest">
    <skipped/>
  </testcase> <!-- @AfterMethod afterMethod -->
  <testcase name="@BeforeMethod beforeMethod" time="0.0" classname="utilities.BaseTest">
    <skipped/>
  </testcase> <!-- @BeforeMethod beforeMethod -->
  <testcase name="@AfterMethod afterMethod" time="0.0" classname="utilities.BaseTest">
    <skipped/>
  </testcase> <!-- @AfterMethod afterMethod -->
  <testcase name="@BeforeMethod beforeMethod" time="0.0" classname="utilities.BaseTest">
    <skipped/>
  </testcase> <!-- @BeforeMethod beforeMethod -->
  <testcase name="@AfterMethod afterMethod" time="0.0" classname="utilities.BaseTest">
    <skipped/>
  </testcase> <!-- @AfterMethod afterMethod -->
  <testcase name="@BeforeMethod beforeMethod" time="0.0" classname="utilities.BaseTest">
    <skipped/>
  </testcase> <!-- @BeforeMethod beforeMethod -->
  <testcase name="@AfterMethod afterMethod" time="0.0" classname="utilities.BaseTest">
    <skipped/>
  </testcase> <!-- @AfterMethod afterMethod -->
  <testcase name="@BeforeMethod beforeMethod" time="0.0" classname="utilities.BaseTest">
    <skipped/>
  </testcase> <!-- @BeforeMethod beforeMethod -->
  <testcase name="@AfterMethod afterMethod" time="0.0" classname="utilities.BaseTest">
    <skipped/>
  </testcase> <!-- @AfterMethod afterMethod -->
  <testcase name="@BeforeMethod beforeMethod" time="0.0" classname="utilities.BaseTest">
    <skipped/>
  </testcase> <!-- @BeforeMethod beforeMethod -->
  <testcase name="@AfterMethod afterMethod" time="0.0" classname="utilities.BaseTest">
    <skipped/>
  </testcase> <!-- @AfterMethod afterMethod -->
  <testcase name="@BeforeMethod beforeMethod" time="0.0" classname="utilities.BaseTest">
    <skipped/>
  </testcase> <!-- @BeforeMethod beforeMethod -->
  <testcase name="@AfterMethod afterMethod" time="0.0" classname="utilities.BaseTest">
    <skipped/>
  </testcase> <!-- @AfterMethod afterMethod -->
  <testcase name="@BeforeMethod beforeMethod" time="0.0" classname="utilities.BaseTest">
    <skipped/>
  </testcase> <!-- @BeforeMethod beforeMethod -->
  <testcase name="@AfterMethod afterMethod" time="0.0" classname="utilities.BaseTest">
    <skipped/>
  </testcase> <!-- @AfterMethod afterMethod -->
  <testcase name="@BeforeMethod beforeMethod" time="0.0" classname="utilities.BaseTest">
    <skipped/>
  </testcase> <!-- @BeforeMethod beforeMethod -->
  <testcase name="@AfterMethod afterMethod" time="0.0" classname="utilities.BaseTest">
    <skipped/>
  </testcase> <!-- @AfterMethod afterMethod -->
  <testcase name="@BeforeMethod beforeMethod" time="0.0" classname="utilities.BaseTest">
    <skipped/>
  </testcase> <!-- @BeforeMethod beforeMethod -->
  <testcase name="@AfterMethod afterMethod" time="0.0" classname="utilities.BaseTest">
    <skipped/>
  </testcase> <!-- @AfterMethod afterMethod -->
  <testcase name="@BeforeMethod beforeMethod" time="0.0" classname="utilities.BaseTest">
    <skipped/>
  </testcase> <!-- @BeforeMethod beforeMethod -->
  <testcase name="@AfterMethod afterMethod" time="0.0" classname="utilities.BaseTest">
    <skipped/>
  </testcase> <!-- @AfterMethod afterMethod -->
  <testcase name="@BeforeMethod beforeMethod" time="0.0" classname="utilities.BaseTest">
    <skipped/>
  </testcase> <!-- @BeforeMethod beforeMethod -->
  <testcase name="@AfterMethod afterMethod" time="0.0" classname="utilities.BaseTest">
    <skipped/>
  </testcase> <!-- @AfterMethod afterMethod -->
  <testcase name="@BeforeMethod beforeMethod" time="0.0" classname="utilities.BaseTest">
    <skipped/>
  </testcase> <!-- @BeforeMethod beforeMethod -->
  <testcase name="@AfterMethod afterMethod" time="0.0" classname="utilities.BaseTest">
    <skipped/>
  </testcase> <!-- @AfterMethod afterMethod -->
  <testcase name="@BeforeMethod beforeMethod" time="0.0" classname="utilities.BaseTest">
    <skipped/>
  </testcase> <!-- @BeforeMethod beforeMethod -->
  <testcase name="@AfterMethod afterMethod" time="0.0" classname="utilities.BaseTest">
    <skipped/>
  </testcase> <!-- @AfterMethod afterMethod -->
  <testcase name="@BeforeMethod beforeMethod" time="0.0" classname="utilities.BaseTest">
    <skipped/>
  </testcase> <!-- @BeforeMethod beforeMethod -->
  <testcase name="@AfterMethod afterMethod" time="0.0" classname="utilities.BaseTest">
    <skipped/>
  </testcase> <!-- @AfterMethod afterMethod -->
  <testcase name="@BeforeMethod beforeMethod" time="0.0" classname="utilities.BaseTest">
    <skipped/>
  </testcase> <!-- @BeforeMethod beforeMethod -->
  <testcase name="@AfterMethod afterMethod" time="0.0" classname="utilities.BaseTest">
    <skipped/>
  </testcase> <!-- @AfterMethod afterMethod -->
  <testcase name="@BeforeMethod beforeMethod" time="0.0" classname="utilities.BaseTest">
    <skipped/>
  </testcase> <!-- @BeforeMethod beforeMethod -->
  <testcase name="@AfterMethod afterMethod" time="0.0" classname="utilities.BaseTest">
    <skipped/>
  </testcase> <!-- @AfterMethod afterMethod -->
  <testcase name="@BeforeMethod beforeMethod" time="0.0" classname="utilities.BaseTest">
    <skipped/>
  </testcase> <!-- @BeforeMethod beforeMethod -->
  <testcase name="@AfterMethod afterMethod" time="0.0" classname="utilities.BaseTest">
    <skipped/>
  </testcase> <!-- @AfterMethod afterMethod -->
  <testcase name="@BeforeMethod beforeMethod" time="0.0" classname="utilities.BaseTest">
    <skipped/>
  </testcase> <!-- @BeforeMethod beforeMethod -->
  <testcase name="@AfterMethod afterMethod" time="0.0" classname="utilities.BaseTest">
    <skipped/>
  </testcase> <!-- @AfterMethod afterMethod -->
  <testcase name="@BeforeMethod beforeMethod" time="0.0" classname="utilities.BaseTest">
    <skipped/>
  </testcase> <!-- @BeforeMethod beforeMethod -->
  <testcase name="@AfterMethod afterMethod" time="0.0" classname="utilities.BaseTest">
    <skipped/>
  </testcase> <!-- @AfterMethod afterMethod -->
  <testcase name="@BeforeMethod beforeMethod" time="0.0" classname="utilities.BaseTest">
    <skipped/>
  </testcase> <!-- @BeforeMethod beforeMethod -->
  <testcase name="@AfterMethod afterMethod" time="0.0" classname="utilities.BaseTest">
    <skipped/>
  </testcase> <!-- @AfterMethod afterMethod -->
  <testcase name="@BeforeMethod beforeMethod" time="0.0" classname="utilities.BaseTest">
    <skipped/>
  </testcase> <!-- @BeforeMethod beforeMethod -->
  <testcase name="@AfterMethod afterMethod" time="0.0" classname="utilities.BaseTest">
    <skipped/>
  </testcase> <!-- @AfterMethod afterMethod -->
  <testcase name="@BeforeMethod beforeMethod" time="0.0" classname="utilities.BaseTest">
    <skipped/>
  </testcase> <!-- @BeforeMethod beforeMethod -->
  <testcase name="@AfterMethod afterMethod" time="0.0" classname="utilities.BaseTest">
    <skipped/>
  </testcase> <!-- @AfterMethod afterMethod -->
  <testcase name="@BeforeMethod beforeMethod" time="0.0" classname="utilities.BaseTest">
    <skipped/>
  </testcase> <!-- @BeforeMethod beforeMethod -->
  <testcase name="@AfterMethod afterMethod" time="0.0" classname="utilities.BaseTest">
    <skipped/>
  </testcase> <!-- @AfterMethod afterMethod -->
  <testcase name="@BeforeMethod beforeMethod" time="0.0" classname="utilities.BaseTest">
    <skipped/>
  </testcase> <!-- @BeforeMethod beforeMethod -->
  <testcase name="@AfterMethod afterMethod" time="0.0" classname="utilities.BaseTest">
    <skipped/>
  </testcase> <!-- @AfterMethod afterMethod -->
  <testcase name="@BeforeMethod beforeMethod" time="0.0" classname="utilities.BaseTest">
    <skipped/>
  </testcase> <!-- @BeforeMethod beforeMethod -->
  <testcase name="@AfterMethod afterMethod" time="0.0" classname="utilities.BaseTest">
    <skipped/>
  </testcase> <!-- @AfterMethod afterMethod -->
  <testcase name="@BeforeMethod beforeMethod" time="0.0" classname="utilities.BaseTest">
    <skipped/>
  </testcase> <!-- @BeforeMethod beforeMethod -->
  <testcase name="@AfterMethod afterMethod" time="0.0" classname="utilities.BaseTest">
    <skipped/>
  </testcase> <!-- @AfterMethod afterMethod -->
  <testcase name="@BeforeMethod beforeMethod" time="0.0" classname="utilities.BaseTest">
    <skipped/>
  </testcase> <!-- @BeforeMethod beforeMethod -->
  <testcase name="@AfterMethod afterMethod" time="0.0" classname="utilities.BaseTest">
    <skipped/>
  </testcase> <!-- @AfterMethod afterMethod -->
  <testcase name="@BeforeMethod beforeMethod" time="0.0" classname="utilities.BaseTest">
    <skipped/>
  </testcase> <!-- @BeforeMethod beforeMethod -->
  <testcase name="@AfterMethod afterMethod" time="0.0" classname="utilities.BaseTest">
    <skipped/>
  </testcase> <!-- @AfterMethod afterMethod -->
  <testcase name="@BeforeMethod beforeMethod" time="0.0" classname="utilities.BaseTest">
    <skipped/>
  </testcase> <!-- @BeforeMethod beforeMethod -->
  <testcase name="@AfterMethod afterMethod" time="0.0" classname="utilities.BaseTest">
    <skipped/>
  </testcase> <!-- @AfterMethod afterMethod -->
  <testcase name="@BeforeMethod beforeMethod" time="0.0" classname="utilities.BaseTest">
    <skipped/>
  </testcase> <!-- @BeforeMethod beforeMethod -->
  <testcase name="@AfterMethod afterMethod" time="0.0" classname="utilities.BaseTest">
    <skipped/>
  </testcase> <!-- @AfterMethod afterMethod -->
  <testcase name="@BeforeMethod beforeMethod" time="0.0" classname="utilities.BaseTest">
    <skipped/>
  </testcase> <!-- @BeforeMethod beforeMethod -->
  <testcase name="@AfterMethod afterMethod" time="0.0" classname="utilities.BaseTest">
    <skipped/>
  </testcase> <!-- @AfterMethod afterMethod -->
  <testcase name="@BeforeMethod beforeMethod" time="0.0" classname="utilities.BaseTest">
    <skipped/>
  </testcase> <!-- @BeforeMethod beforeMethod -->
  <testcase name="@AfterMethod afterMethod" time="0.0" classname="utilities.BaseTest">
    <skipped/>
  </testcase> <!-- @AfterMethod afterMethod -->
  <testcase name="@BeforeMethod beforeMethod" time="0.0" classname="utilities.BaseTest">
    <skipped/>
  </testcase> <!-- @BeforeMethod beforeMethod -->
  <testcase name="@AfterMethod afterMethod" time="0.0" classname="utilities.BaseTest">
    <skipped/>
  </testcase> <!-- @AfterMethod afterMethod -->
  <testcase name="@BeforeMethod beforeMethod" time="0.0" classname="utilities.BaseTest">
    <skipped/>
  </testcase> <!-- @BeforeMethod beforeMethod -->
  <testcase name="@AfterMethod afterMethod" time="0.0" classname="utilities.BaseTest">
    <skipped/>
  </testcase> <!-- @AfterMethod afterMethod -->
  <testcase name="@BeforeMethod beforeMethod" time="0.0" classname="utilities.BaseTest">
    <skipped/>
  </testcase> <!-- @BeforeMethod beforeMethod -->
  <testcase name="@AfterMethod afterMethod" time="0.0" classname="utilities.BaseTest">
    <skipped/>
  </testcase> <!-- @AfterMethod afterMethod -->
  <testcase name="@BeforeMethod beforeMethod" time="0.0" classname="utilities.BaseTest">
    <skipped/>
  </testcase> <!-- @BeforeMethod beforeMethod -->
  <testcase name="@AfterMethod afterMethod" time="0.0" classname="utilities.BaseTest">
    <skipped/>
  </testcase> <!-- @AfterMethod afterMethod -->
  <testcase name="@BeforeMethod beforeMethod" time="0.0" classname="utilities.BaseTest">
    <skipped/>
  </testcase> <!-- @BeforeMethod beforeMethod -->
  <testcase name="@AfterMethod afterMethod" time="0.0" classname="utilities.BaseTest">
    <skipped/>
  </testcase> <!-- @AfterMethod afterMethod -->
  <testcase name="@BeforeMethod beforeMethod" time="0.0" classname="utilities.BaseTest">
    <skipped/>
  </testcase> <!-- @BeforeMethod beforeMethod -->
  <testcase name="@AfterMethod afterMethod" time="0.0" classname="utilities.BaseTest">
    <skipped/>
  </testcase> <!-- @AfterMethod afterMethod -->
  <testcase name="@BeforeMethod beforeMethod" time="0.0" classname="utilities.BaseTest">
    <skipped/>
  </testcase> <!-- @BeforeMethod beforeMethod -->
  <testcase name="@AfterMethod afterMethod" time="0.0" classname="utilities.BaseTest">
    <skipped/>
  </testcase> <!-- @AfterMethod afterMethod -->
  <testcase name="@BeforeMethod beforeMethod" time="0.0" classname="utilities.BaseTest">
    <skipped/>
  </testcase> <!-- @BeforeMethod beforeMethod -->
  <testcase name="@AfterMethod afterMethod" time="0.0" classname="utilities.BaseTest">
    <skipped/>
  </testcase> <!-- @AfterMethod afterMethod -->
  <testcase name="@BeforeMethod beforeMethod" time="0.0" classname="utilities.BaseTest">
    <skipped/>
  </testcase> <!-- @BeforeMethod beforeMethod -->
  <testcase name="@AfterMethod afterMethod" time="0.0" classname="utilities.BaseTest">
    <skipped/>
  </testcase> <!-- @AfterMethod afterMethod -->
  <testcase name="@BeforeMethod beforeMethod" time="0.0" classname="utilities.BaseTest">
    <skipped/>
  </testcase> <!-- @BeforeMethod beforeMethod -->
  <testcase name="@AfterMethod afterMethod" time="0.0" classname="utilities.BaseTest">
    <skipped/>
  </testcase> <!-- @AfterMethod afterMethod -->
  <testcase name="@BeforeMethod beforeMethod" time="0.0" classname="utilities.BaseTest">
    <skipped/>
  </testcase> <!-- @BeforeMethod beforeMethod -->
  <testcase name="@AfterMethod afterMethod" time="0.0" classname="utilities.BaseTest">
    <skipped/>
  </testcase> <!-- @AfterMethod afterMethod -->
  <testcase name="@BeforeMethod beforeMethod" time="0.0" classname="utilities.BaseTest">
    <skipped/>
  </testcase> <!-- @BeforeMethod beforeMethod -->
  <testcase name="@AfterMethod afterMethod" time="0.0" classname="utilities.BaseTest">
    <skipped/>
  </testcase> <!-- @AfterMethod afterMethod -->
  <testcase name="@BeforeMethod beforeMethod" time="0.0" classname="utilities.BaseTest">
    <skipped/>
  </testcase> <!-- @BeforeMethod beforeMethod -->
  <testcase name="@AfterMethod afterMethod" time="0.0" classname="utilities.BaseTest">
    <skipped/>
  </testcase> <!-- @AfterMethod afterMethod -->
  <testcase name="Homepage_InvalidSearchItems_007" time="0.0" classname="Testcases.SearchpageScripts">
    <skipped/>
  </testcase> <!-- Homepage_InvalidSearchItems_007 -->
  <testcase name="Homepage_InvalidSearchItems_Reg_008" time="0.0" classname="Testcases.SearchpageScripts">
    <skipped/>
  </testcase> <!-- Homepage_InvalidSearchItems_Reg_008 -->
  <testcase name="Homepage_MultipleSearchItems_009" time="0.0" classname="Testcases.SearchpageScripts">
    <skipped/>
  </testcase> <!-- Homepage_MultipleSearchItems_009 -->
  <testcase name="Homepage_MultipleSearchItems_Reg_010" time="0.0" classname="Testcases.SearchpageScripts">
    <skipped/>
  </testcase> <!-- Homepage_MultipleSearchItems_Reg_010 -->
  <testcase name="Homepage_SearchItems_005" time="0.0" classname="Testcases.SearchpageScripts">
    <skipped/>
  </testcase> <!-- Homepage_SearchItems_005 -->
  <testcase name="Homepage_SearchItems_Reg_006" time="0.0" classname="Testcases.SearchpageScripts">
    <skipped/>
  </testcase> <!-- Homepage_SearchItems_Reg_006 -->
  <testcase name="Searchpage_BrandSearch_001" time="0.0" classname="Testcases.SearchpageScripts">
    <skipped/>
  </testcase> <!-- Searchpage_BrandSearch_001 -->
  <testcase name="Searchpage_BrandSearch_Reg_002" time="0.0" classname="Testcases.SearchpageScripts">
    <skipped/>
  </testcase> <!-- Searchpage_BrandSearch_Reg_002 -->
  <testcase name="Searchpage_BreadcrumbsNavigation_011" time="0.0" classname="Testcases.SearchpageScripts">
    <skipped/>
  </testcase> <!-- Searchpage_BreadcrumbsNavigation_011 -->
  <testcase name="Searchpage_BreadcrumbsNavigation_Reg_012" time="0.0" classname="Testcases.SearchpageScripts">
    <skipped/>
  </testcase> <!-- Searchpage_BreadcrumbsNavigation_Reg_012 -->
  <testcase name="Searchpage_SingleProduct_003" time="0.0" classname="Testcases.SearchpageScripts">
    <skipped/>
  </testcase> <!-- Searchpage_SingleProduct_003 -->
  <testcase name="Searchpage_SingleProduct_Reg_004" time="0.0" classname="Testcases.SearchpageScripts">
    <skipped/>
  </testcase> <!-- Searchpage_SingleProduct_Reg_004 -->
  <testcase name="Bopis_SearchCheckout" time="0.0" classname="Testcases.BopisCheckoutScripts">
    <skipped/>
  </testcase> <!-- Bopis_SearchCheckout -->
  <testcase name="Homepage_AddRandomProductFromMenuBrands_005" time="0.0" classname="Testcases.HomepageScripts">
    <skipped/>
  </testcase> <!-- Homepage_AddRandomProductFromMenuBrands_005 -->
  <testcase name="Homepage_AddRandomProductFromMenuBrands_Reg_006" time="0.0" classname="Testcases.HomepageScripts">
    <skipped/>
  </testcase> <!-- Homepage_AddRandomProductFromMenuBrands_Reg_006 -->
  <testcase name="Homepage_AddRandomProductFromMenuCategory_003" time="0.0" classname="Testcases.HomepageScripts">
    <skipped/>
  </testcase> <!-- Homepage_AddRandomProductFromMenuCategory_003 -->
  <testcase name="Homepage_AddRandomProductFromMenuCategory_Reg_004" time="0.0" classname="Testcases.HomepageScripts">
    <skipped/>
  </testcase> <!-- Homepage_AddRandomProductFromMenuCategory_Reg_004 -->
  <testcase name="Homepage_AddRandomProductFromMenuWhatsNew_007" time="0.0" classname="Testcases.HomepageScripts">
    <skipped/>
  </testcase> <!-- Homepage_AddRandomProductFromMenuWhatsNew_007 -->
  <testcase name="Homepage_AddRandomProductFromMenuWhatsNew_Reg_008" time="0.0" classname="Testcases.HomepageScripts">
    <skipped/>
  </testcase> <!-- Homepage_AddRandomProductFromMenuWhatsNew_Reg_008 -->
  <testcase name="Homepage_Header_FieldValidations_001" time="0.0" classname="Testcases.HomepageScripts">
    <skipped/>
  </testcase> <!-- Homepage_Header_FieldValidations_001 -->
  <testcase name="Homepage_Header_FieldValidations_Reg_002" time="0.0" classname="Testcases.HomepageScripts">
    <skipped/>
  </testcase> <!-- Homepage_Header_FieldValidations_Reg_002 -->
  <testcase name="ShippingPage_AVSCheck" time="0.0" classname="Testcases.ShippingPageScripts">
    <skipped/>
  </testcase> <!-- ShippingPage_AVSCheck -->
  <testcase name="ShippingPage_FieldValidations_001" time="0.0" classname="Testcases.ShippingPageScripts">
    <skipped/>
  </testcase> <!-- ShippingPage_FieldValidations_001 -->
  <testcase name="ShippingPage_FieldValidations_Reg_002" time="0.0" classname="Testcases.ShippingPageScripts">
    <skipped/>
  </testcase> <!-- ShippingPage_FieldValidations_Reg_002 -->
  <testcase name="BillingPage_FieldValidations_001" time="0.0" classname="Testcases.BillingPageScripts">
    <skipped/>
  </testcase> <!-- BillingPage_FieldValidations_001 -->
  <testcase name="BillingPage_FieldValidations_Reg_002" time="0.0" classname="Testcases.BillingPageScripts">
    <skipped/>
  </testcase> <!-- BillingPage_FieldValidations_Reg_002 -->
  <testcase name="Categorypage_AddTopSellingItem_005" time="0.0" classname="Testcases.CategorypageScripts">
    <skipped/>
  </testcase> <!-- Categorypage_AddTopSellingItem_005 -->
  <testcase name="Categorypage_AddTopSellingItem_Reg_006" time="0.0" classname="Testcases.CategorypageScripts">
    <skipped/>
  </testcase> <!-- Categorypage_AddTopSellingItem_Reg_006 -->
  <testcase name="Categorypage_BreadcrumbsNavigation_001" time="0.0" classname="Testcases.CategorypageScripts">
    <skipped/>
  </testcase> <!-- Categorypage_BreadcrumbsNavigation_001 -->
  <testcase name="Categorypage_BreadcrumbsNavigation_Reg_002" time="0.0" classname="Testcases.CategorypageScripts">
    <skipped/>
  </testcase> <!-- Categorypage_BreadcrumbsNavigation_Reg_002 -->
  <testcase name="Categorypage_Validations_003" time="0.0" classname="Testcases.CategorypageScripts">
    <skipped/>
  </testcase> <!-- Categorypage_Validations_003 -->
  <testcase name="Categorypage_Validations_Reg_004" time="0.0" classname="Testcases.CategorypageScripts">
    <skipped/>
  </testcase> <!-- Categorypage_Validations_Reg_004 -->
  <testcase name="ShoppingCart_RemoveProduct_003" time="0.0" classname="Testcases.ShoppingCartScripts">
    <skipped/>
  </testcase> <!-- ShoppingCart_RemoveProduct_003 -->
  <testcase name="guest_OrderStatus_OrderDetailsNavigation" time="0.0" classname="Testcases.OrderHistoryScripts">
    <skipped/>
  </testcase> <!-- guest_OrderStatus_OrderDetailsNavigation -->
  <testcase name="guest_OrderStatus_UIValidation" time="0.0" classname="Testcases.OrderHistoryScripts">
    <skipped/>
  </testcase> <!-- guest_OrderStatus_UIValidation -->
  <testcase name="guest_OrderStatus_invalidOrderNum_validation" time="0.0" classname="Testcases.OrderHistoryScripts">
    <skipped/>
  </testcase> <!-- guest_OrderStatus_invalidOrderNum_validation -->
  <testcase name="guest_OrderStatus_loginValidation" time="0.0" classname="Testcases.OrderHistoryScripts">
    <skipped/>
  </testcase> <!-- guest_OrderStatus_loginValidation -->
  <testcase name="reg_OrderDetails_UIValidation" time="0.0" classname="Testcases.OrderHistoryScripts">
    <skipped/>
  </testcase> <!-- reg_OrderDetails_UIValidation -->
  <testcase name="reg_OrderHistory_PageNavigation" time="0.0" classname="Testcases.OrderHistoryScripts">
    <skipped/>
  </testcase> <!-- reg_OrderHistory_PageNavigation -->
  <testcase name="PDP_AddAlsoViewedProduct_005" time="0.0" classname="Testcases.PDPScripts">
    <skipped/>
  </testcase> <!-- PDP_AddAlsoViewedProduct_005 -->
  <testcase name="PDP_AddAlsoViewedProduct_Reg_006" time="0.0" classname="Testcases.PDPScripts">
    <skipped/>
  </testcase> <!-- PDP_AddAlsoViewedProduct_Reg_006 -->
  <testcase name="PDP_AddRecommendations_003" time="0.0" classname="Testcases.PDPScripts">
    <skipped/>
  </testcase> <!-- PDP_AddRecommendations_003 -->
  <testcase name="PDP_AddRecommendations_Reg_004" time="0.0" classname="Testcases.PDPScripts">
    <skipped/>
  </testcase> <!-- PDP_AddRecommendations_Reg_004 -->
  <testcase name="PDP_FieldValidations_001" time="0.0" classname="Testcases.PDPScripts">
    <skipped/>
  </testcase> <!-- PDP_FieldValidations_001 -->
  <testcase name="PDP_FieldValidations_Reg_002" time="0.0" classname="Testcases.PDPScripts">
    <skipped/>
  </testcase> <!-- PDP_FieldValidations_Reg_002 -->
  <testcase name="editLink_accSummary" time="0.0" classname="Testcases.MyAccountScripts">
    <skipped/>
  </testcase> <!-- editLink_accSummary -->
  <testcase name="leftNavMenuLinks_UICheck" time="0.0" classname="Testcases.MyAccountScripts">
    <skipped/>
  </testcase> <!-- leftNavMenuLinks_UICheck -->
  <testcase name="myAcc_Coupons_UIValidation" time="0.0" classname="Testcases.MyAccountScripts">
    <skipped/>
  </testcase> <!-- myAcc_Coupons_UIValidation -->
  <testcase name="myAcc_ShippingInfo_UIValidation" time="0.0" classname="Testcases.MyAccountScripts">
    <skipped/>
  </testcase> <!-- myAcc_ShippingInfo_UIValidation -->
  <testcase name="myAcc_ShippingInfo_addNewAddress" time="0.0" classname="Testcases.MyAccountScripts">
    <skipped/>
  </testcase> <!-- myAcc_ShippingInfo_addNewAddress -->
  <testcase name="myAcc_ShippingInfo_addNewAddress_emptyField_test" time="0.0" classname="Testcases.MyAccountScripts">
    <skipped/>
  </testcase> <!-- myAcc_ShippingInfo_addNewAddress_emptyField_test -->
  <testcase name="myAcc_ShippingInfo_addressPrePopulation_test" time="0.0" classname="Testcases.MyAccountScripts">
    <skipped/>
  </testcase> <!-- myAcc_ShippingInfo_addressPrePopulation_test -->
  <testcase name="myAcc_ShippingInfo_removeAddress" time="0.0" classname="Testcases.MyAccountScripts">
    <skipped/>
  </testcase> <!-- myAcc_ShippingInfo_removeAddress -->
  <testcase name="myAcc_ShippingInfo_restrictRemoveAddress" time="0.0" classname="Testcases.MyAccountScripts">
    <skipped/>
  </testcase> <!-- myAcc_ShippingInfo_restrictRemoveAddress -->
  <testcase name="myAcc_creditCard_UIValidation" time="0.0" classname="Testcases.MyAccountScripts">
    <skipped/>
  </testcase> <!-- myAcc_creditCard_UIValidation -->
  <testcase name="myAcc_creditCard_addNewCreditCardInfo" time="0.0" classname="Testcases.MyAccountScripts">
    <skipped/>
  </testcase> <!-- myAcc_creditCard_addNewCreditCardInfo -->
  <testcase name="myAccountSummary" time="0.0" classname="Testcases.MyAccountScripts">
    <skipped/>
  </testcase> <!-- myAccountSummary -->
  <testcase name="personalInformation_PageUICheck" time="0.0" classname="Testcases.MyAccountScripts">
    <skipped/>
  </testcase> <!-- personalInformation_PageUICheck -->
  <testcase name="personalInformation_editing" time="0.0" classname="Testcases.MyAccountScripts">
    <skipped/>
  </testcase> <!-- personalInformation_editing -->
  <testcase name="personalInformation_editingEmail" time="0.0" classname="Testcases.MyAccountScripts">
    <skipped/>
  </testcase> <!-- personalInformation_editingEmail -->
  <testcase name="recentOrderHistory_NoOrders" time="0.0" classname="Testcases.MyAccountScripts">
    <skipped/>
  </testcase> <!-- recentOrderHistory_NoOrders -->
  <testcase name="recentOrderHistory_Orders" time="0.0" classname="Testcases.MyAccountScripts">
    <skipped/>
  </testcase> <!-- recentOrderHistory_Orders -->
  <testcase name="OrderConformationPage_FieldValidations" time="0.0" classname="Testcases.OrderConformationPageScripts">
    <skipped/>
  </testcase> <!-- OrderConformationPage_FieldValidations -->
  <testcase name="OrderConformationPage_FieldValidations_Reg" time="0.0" classname="Testcases.OrderConformationPageScripts">
    <skipped/>
  </testcase> <!-- OrderConformationPage_FieldValidations_Reg -->
  <testcase name="Guest_SearchCheckout_001" time="0.0" classname="Testcases.CheckoutScripts">
    <skipped/>
  </testcase> <!-- Guest_SearchCheckout_001 -->
  <testcase name="Registered_SearchCheckout_002" time="0.0" classname="Testcases.CheckoutScripts">
    <skipped/>
  </testcase> <!-- Registered_SearchCheckout_002 -->
  <testcase name="CreateAccount_Error_Messages_Validations_004" time="0.0" classname="Testcases.RegisterationScripts">
    <skipped/>
  </testcase> <!-- CreateAccount_Error_Messages_Validations_004 -->
  <testcase name="ForgotPassword_Error_Messages_Validations_003" time="0.0" classname="Testcases.RegisterationScripts">
    <skipped/>
  </testcase> <!-- ForgotPassword_Error_Messages_Validations_003 -->
  <testcase name="Invalid_SignIn_Error_Messages_Validations_002" time="0.0" classname="Testcases.RegisterationScripts">
    <skipped/>
  </testcase> <!-- Invalid_SignIn_Error_Messages_Validations_002 -->
  <testcase name="Valid_SignIn_001" time="0.0" classname="Testcases.RegisterationScripts">
    <skipped/>
  </testcase> <!-- Valid_SignIn_001 -->
</testsuite> <!-- Default test -->
