<?xml version="1.0" encoding="UTF-8"?>
<testng-results skipped="0" failed="0" ignored="0" total="1" passed="1">
  <reporter-output>
  </reporter-output>
  <suite name="Suite" duration-ms="85987" started-at="2018-10-22T08:40:59Z" finished-at="2018-10-22T08:42:25Z">
    <groups>
    </groups>
    <test name="Test" duration-ms="85987" started-at="2018-10-22T08:40:59Z" finished-at="2018-10-22T08:42:25Z">
      <class name="Testcases.HomepageScripts">
        <test-method status="PASS" signature="beforeMethod(java.lang.String)[pri:0, instance:Testcases.HomepageScripts@38c5cc4c]" name="beforeMethod" is-config="true" duration-ms="48564" started-at="2018-10-22T08:40:59Z" finished-at="2018-10-22T08:41:48Z">
          <params>
            <param index="0">
              <value>
                <![CDATA[chrome]]>
              </value>
            </param>
          </params>
          <reporter-output>
          </reporter-output>
        </test-method> <!-- beforeMethod -->
        <test-method status="PASS" signature="Homepage_Header_FieldValidations()[pri:0, instance:Testcases.HomepageScripts@38c5cc4c]" name="Homepage_Header_FieldValidations" duration-ms="37266" started-at="2018-10-22T08:41:48Z" finished-at="2018-10-22T08:42:25Z">
          <reporter-output>
          </reporter-output>
        </test-method> <!-- Homepage_Header_FieldValidations -->
        <test-method status="PASS" signature="afterMethod(org.testng.ITestResult)[pri:0, instance:Testcases.HomepageScripts@38c5cc4c]" name="afterMethod" is-config="true" duration-ms="132" started-at="2018-10-22T08:42:25Z" finished-at="2018-10-22T08:42:25Z">
          <params>
            <param index="0">
              <value>
                <![CDATA[[TestResult name=Homepage_Header_FieldValidations status=SUCCESS method=HomepageScripts.Homepage_Header_FieldValidations()[pri:0, instance:Testcases.HomepageScripts@38c5cc4c] output={null}]]]>
              </value>
            </param>
          </params>
          <reporter-output>
          </reporter-output>
        </test-method> <!-- afterMethod -->
      </class> <!-- Testcases.HomepageScripts -->
    </test> <!-- Test -->
  </suite> <!-- Suite -->
</testng-results>
